[main 97205a2] Daily auto-update: 2025-12-31 11:10:01 - Code. Commit. Repeat! 🔄
 16 files changed, 41 insertions(+), 40 deletions(-)
 create mode 100644 cron.log
⚠️  Push attempt 1 failed, retrying...
⚠️  Push attempt 2 failed, retrying...
⚠️  Push attempt 3 failed, retrying...
❌ Failed to push after 3 attempts at 2025-12-31 11:10:01
[main e5ceaff] Daily auto-update: 2025-12-31 11:12:02 - Building great things, one commit at a time! 🔨
 16 files changed, 48 insertions(+), 40 deletions(-)
⚠️  Push attempt 1 failed, retrying...
⚠️  Push attempt 2 failed, retrying...
⚠️  Push attempt 3 failed, retrying...
❌ Failed to push after 3 attempts at 2025-12-31 11:12:02
[main 201e611] Daily auto-update: 2025-12-31 11:14:02 - The journey of a thousand miles begins with a single commit! 🌟
 16 files changed, 47 insertions(+), 40 deletions(-)
⚠️  Push attempt 1 failed, retrying...
⚠️  Push attempt 2 failed, retrying...
⚠️  Push attempt 3 failed, retrying...
❌ Failed to push after 3 attempts at 2025-12-31 11:14:02
[main 719aee1] Daily auto-update: 2025-12-31 11:16:02 - Progress, not perfection! 📈
 16 files changed, 47 insertions(+), 40 deletions(-)
⚠️  Push attempt 1 failed, retrying...
⚠️  Push attempt 2 failed, retrying...
⚠️  Push attempt 3 failed, retrying...
❌ Failed to push after 3 attempts at 2025-12-31 11:16:02
[main 2382944] Daily auto-update: 2025-12-31 11:18:01 - Another day, another commit! 💪
 16 files changed, 47 insertions(+), 40 deletions(-)
⚠️  Push attempt 1 failed, retrying...
⚠️  Push attempt 2 failed, retrying...
⚠️  Push attempt 3 failed, retrying...
❌ Failed to push after 3 attempts at 2025-12-31 11:18:01
[main 0833df6] Daily auto-update: 2025-12-31 11:20:01 - The journey of a thousand miles begins with a single commit! 🌟
 16 files changed, 33 insertions(+), 27 deletions(-)
⚠️  Push attempt 1 failed, retrying...
⚠️  Push attempt 2 failed, retrying...
⚠️  Push attempt 3 failed, retrying...
❌ Failed to push after 3 attempts at 2025-12-31 11:20:01
[main 9a34091] Daily auto-update: 2025-12-31 11:22:01 - Code. Commit. Repeat! 🔄
 16 files changed, 47 insertions(+), 40 deletions(-)
⚠️  Push attempt 1 failed, retrying...
⚠️  Push attempt 2 failed, retrying...
⚠️  Push attempt 3 failed, retrying...
❌ Failed to push after 3 attempts at 2025-12-31 11:22:01
[main 605653f] Daily auto-update: 2025-12-31 11:24:02 - Progress, not perfection! 📈
 16 files changed, 47 insertions(+), 40 deletions(-)
⚠️  Push attempt 1 failed, retrying...
⚠️  Push attempt 2 failed, retrying...
⚠️  Push attempt 3 failed, retrying...
❌ Failed to push after 3 attempts at 2025-12-31 11:24:02
[main 0b68112] Daily auto-update: 2025-12-31 12:00:01 - Code. Commit. Repeat! 🔄
 15 files changed, 41 insertions(+), 40 deletions(-)
⚠️  Push attempt 1 failed, retrying...
⚠️  Push attempt 2 failed, retrying...
⚠️  Push attempt 3 failed, retrying...
❌ Failed to push after 3 attempts at 2025-12-31 12:00:01
[main c780ba0] Daily auto-update: 2025-12-31 13:00:01 - Stay committed to your goals! 🎯
 15 files changed, 41 insertions(+), 40 deletions(-)
To https://github.com/Gymnott1/letsl_learn.git
   0baa851..c780ba0  main -> main
✅ Successfully pushed to GitHub at 2025-12-31 13:00:01
[main 3578c03] Daily auto-update: 2026-01-01 13:00:01 - Every commit counts! 💻
 15 files changed, 41 insertions(+), 40 deletions(-)
To https://github.com/Gymnott1/letsl_learn.git
   3d27ba5..3578c03  main -> main
✅ Successfully pushed to GitHub at 2026-01-01 13:00:01
[main 29c1617] Daily auto-update: 2026-01-02 13:00:01 - Another day, another commit! 💪
 15 files changed, 41 insertions(+), 40 deletions(-)
To https://github.com/Gymnott1/letsl_learn.git
   3c42fda..29c1617  main -> main
✅ Successfully pushed to GitHub at 2026-01-02 13:00:01
[main b10c035] Daily auto-update: 2026-01-03 13:00:01 - Consistency is key to success! ⭐
 15 files changed, 41 insertions(+), 40 deletions(-)
To https://github.com/Gymnott1/letsl_learn.git
   20ca579..b10c035  main -> main
✅ Successfully pushed to GitHub at 2026-01-03 13:00:01
[main 3260628] Daily auto-update: 2026-01-04 13:00:01 - Another day, another commit! 💪
 15 files changed, 41 insertions(+), 40 deletions(-)
To https://github.com/Gymnott1/letsl_learn.git
   b051140..3260628  main -> main
✅ Successfully pushed to GitHub at 2026-01-04 13:00:01
[main b968117] Daily auto-update: 2026-01-05 13:00:01 - Stay committed to your goals! 🎯
 15 files changed, 41 insertions(+), 40 deletions(-)
To https://github.com/Gymnott1/letsl_learn.git
   f2b3b07..b968117  main -> main
✅ Successfully pushed to GitHub at 2026-01-05 13:00:01
[main d146870] Daily auto-update: 2026-01-06 13:00:01 - Building great things, one commit at a time! 🔨
 15 files changed, 41 insertions(+), 40 deletions(-)
To https://github.com/Gymnott1/letsl_learn.git
   4be13e7..d146870  main -> main
✅ Successfully pushed to GitHub at 2026-01-06 13:00:01
[main 42c050b] Daily auto-update: 2026-01-07 13:00:01 - Building great things, one commit at a time! 🔨
 15 files changed, 41 insertions(+), 40 deletions(-)
To https://github.com/Gymnott1/letsl_learn.git
   bd7d8d0..42c050b  main -> main
✅ Successfully pushed to GitHub at 2026-01-07 13:00:01
/var/www/html/github-auto-commit-bot/auto_update.sh: line 14: 008: value too great for base (error token is "008")
[main 24ec219] Daily auto-update: 2026-01-08 13:00:01 - Another day, another commit! 💪
 16 files changed, 42 insertions(+), 40 deletions(-)
To https://github.com/Gymnott1/letsl_learn.git
   8021471..24ec219  main -> main
✅ Successfully pushed to GitHub at 2026-01-08 13:00:01
/var/www/html/github-auto-commit-bot/auto_update.sh: line 14: 009: value too great for base (error token is "009")
[main 1df52d0] Daily auto-update: 2026-01-09 13:00:01 - Consistency is key to success! ⭐
 16 files changed, 42 insertions(+), 40 deletions(-)
To https://github.com/Gymnott1/letsl_learn.git
   aec5427..1df52d0  main -> main
✅ Successfully pushed to GitHub at 2026-01-09 13:00:01
[main 13a7a13] Daily auto-update: 2026-01-10 13:00:01 - Consistency is key to success! ⭐
 15 files changed, 28 insertions(+), 27 deletions(-)
To https://github.com/Gymnott1/letsl_learn.git
   8ef62d3..13a7a13  main -> main
✅ Successfully pushed to GitHub at 2026-01-10 13:00:01
[main b454a27] Daily auto-update: 2026-01-11 13:00:01 - Building great things, one commit at a time! 🔨
 15 files changed, 41 insertions(+), 40 deletions(-)
To https://github.com/Gymnott1/letsl_learn.git
   d38699d..b454a27  main -> main
✅ Successfully pushed to GitHub at 2026-01-11 13:00:01
[main 4fc3bfb] Daily auto-update: 2026-01-12 13:00:01 - Another day, another commit! 💪
 15 files changed, 41 insertions(+), 40 deletions(-)
To https://github.com/Gymnott1/letsl_learn.git
   7a3efd4..4fc3bfb  main -> main
✅ Successfully pushed to GitHub at 2026-01-12 13:00:01
[main 88be6c5] Daily auto-update: 2026-01-13 13:00:01 - Stay committed to your goals! 🎯
 15 files changed, 41 insertions(+), 40 deletions(-)
To https://github.com/Gymnott1/letsl_learn.git
   3147071..88be6c5  main -> main
✅ Successfully pushed to GitHub at 2026-01-13 13:00:01
[main 92f9186] Daily auto-update: 2026-01-14 13:00:01 - Code. Commit. Repeat! 🔄
 15 files changed, 41 insertions(+), 40 deletions(-)
To https://github.com/Gymnott1/letsl_learn.git
   4e75982..92f9186  main -> main
✅ Successfully pushed to GitHub at 2026-01-14 13:00:01
[main ec75f87] Daily auto-update: 2026-01-15 13:00:01 - Consistency is key to success! ⭐
 15 files changed, 41 insertions(+), 40 deletions(-)
To https://github.com/Gymnott1/letsl_learn.git
   c86e61b..ec75f87  main -> main
✅ Successfully pushed to GitHub at 2026-01-15 13:00:01
[main 5313b6d] Daily auto-update: 2026-01-16 13:00:01 - Code. Commit. Repeat! 🔄
 15 files changed, 41 insertions(+), 40 deletions(-)
To https://github.com/Gymnott1/letsl_learn.git
   fbf0fb2..5313b6d  main -> main
✅ Successfully pushed to GitHub at 2026-01-16 13:00:01
[main 30371d0] Daily auto-update: 2026-01-17 13:00:01 - Progress, not perfection! 📈
 15 files changed, 41 insertions(+), 40 deletions(-)
To https://github.com/Gymnott1/letsl_learn.git
   679e83e..30371d0  main -> main
✅ Successfully pushed to GitHub at 2026-01-17 13:00:01
/var/www/html/github-auto-commit-bot/auto_update.sh: line 14: 018: value too great for base (error token is "018")
[main 4b90ccf] Daily auto-update: 2026-01-18 13:00:01 - Keep pushing forward! 🚀
 16 files changed, 42 insertions(+), 40 deletions(-)
To https://github.com/Gymnott1/letsl_learn.git
   8495d20..4b90ccf  main -> main
✅ Successfully pushed to GitHub at 2026-01-18 13:00:01
/var/www/html/github-auto-commit-bot/auto_update.sh: line 14: 019: value too great for base (error token is "019")
[main c81e512] Daily auto-update: 2026-01-19 13:00:01 - Stay committed to your goals! 🎯
 16 files changed, 42 insertions(+), 40 deletions(-)
To https://github.com/Gymnott1/letsl_learn.git
   43a4ea8..c81e512  main -> main
✅ Successfully pushed to GitHub at 2026-01-19 13:00:01
[main 29d7be7] Daily auto-update: 2026-01-20 13:00:01 - Consistency is key to success! ⭐
 15 files changed, 41 insertions(+), 40 deletions(-)
To https://github.com/Gymnott1/letsl_learn.git
   24899c9..29d7be7  main -> main
✅ Successfully pushed to GitHub at 2026-01-20 13:00:01
[main b960c76] Daily auto-update: 2026-01-21 13:00:01 - Progress, not perfection! 📈
 15 files changed, 41 insertions(+), 40 deletions(-)
To https://github.com/Gymnott1/letsl_learn.git
   657217a..b960c76  main -> main
✅ Successfully pushed to GitHub at 2026-01-21 13:00:01
[main e188f4e] Daily auto-update: 2026-01-22 13:00:01 - Consistency is key to success! ⭐
 15 files changed, 41 insertions(+), 40 deletions(-)
To https://github.com/Gymnott1/letsl_learn.git
   c8c8bd9..e188f4e  main -> main
✅ Successfully pushed to GitHub at 2026-01-22 13:00:01
[main e80f044] Daily auto-update: 2026-01-23 13:00:01 - Automating success! 🤖
 15 files changed, 41 insertions(+), 40 deletions(-)
To https://github.com/Gymnott1/letsl_learn.git
   dae8702..e80f044  main -> main
✅ Successfully pushed to GitHub at 2026-01-23 13:00:01
[main 41f2af6] Daily auto-update: 2026-01-24 13:00:02 - Another day, another commit! 💪
 15 files changed, 41 insertions(+), 40 deletions(-)
To https://github.com/Gymnott1/letsl_learn.git
   6d22305..41f2af6  main -> main
✅ Successfully pushed to GitHub at 2026-01-24 13:00:02
/var/www/html/github-auto-commit-bot/auto_update.sh: line 14: 091: value too great for base (error token is "091")
[main 7daf56d] Daily auto-update: 2026-04-01 13:00:01 - Code. Commit. Repeat! 🔄
 16 files changed, 42 insertions(+), 40 deletions(-)
To https://github.com/Gymnott1/letsl_learn.git
   c0ba30f..7daf56d  main -> main
✅ Successfully pushed to GitHub at 2026-04-01 13:00:01
/var/www/html/github-auto-commit-bot/auto_update.sh: line 14: 092: value too great for base (error token is "092")
[main 4f024e8] Daily auto-update: 2026-04-02 13:00:01 - Consistency is key to success! ⭐
 16 files changed, 42 insertions(+), 40 deletions(-)
To https://github.com/Gymnott1/letsl_learn.git
   6426539..4f024e8  main -> main
✅ Successfully pushed to GitHub at 2026-04-02 13:00:01
[main 0a6c418] Daily auto-update: 2026-06-01 13:00:01 - Code. Commit. Repeat! 🔄
 15 files changed, 41 insertions(+), 40 deletions(-)
To https://github.com/Gymnott1/letsl_learn.git
   1f47b07..0a6c418  main -> main
✅ Successfully pushed to GitHub at 2026-06-01 13:00:01
[main 48af40b] Daily auto-update: 2026-06-02 13:00:01 - Consistency is key to success! ⭐
 15 files changed, 41 insertions(+), 40 deletions(-)
To https://github.com/Gymnott1/letsl_learn.git
   1cffcf1..48af40b  main -> main
✅ Successfully pushed to GitHub at 2026-06-02 13:00:01
[main 5a20a24] Daily auto-update: 2026-06-03 13:00:01 - Keep pushing forward! 🚀
 15 files changed, 41 insertions(+), 40 deletions(-)
To https://github.com/Gymnott1/letsl_learn.git
   d2ced31..5a20a24  main -> main
✅ Successfully pushed to GitHub at 2026-06-03 13:00:01
[main 781665a] Daily auto-update: 2026-06-04 13:00:01 - Every commit counts! 💻
 15 files changed, 41 insertions(+), 40 deletions(-)
To https://github.com/Gymnott1/letsl_learn.git
   4342178..781665a  main -> main
✅ Successfully pushed to GitHub at 2026-06-04 13:00:01
[main b64254c] Daily auto-update: 2026-06-05 13:00:01 - Automating success! 🤖
 15 files changed, 41 insertions(+), 40 deletions(-)
To https://github.com/Gymnott1/letsl_learn.git
   14318a0..b64254c  main -> main
✅ Successfully pushed to GitHub at 2026-06-05 13:00:01
[main 44bff62] Daily auto-update: 2026-06-06 13:00:05 - Automating success! 🤖
 15 files changed, 28 insertions(+), 27 deletions(-)
To https://github.com/Gymnott1/letsl_learn.git
   d2d01b6..44bff62  main -> main
✅ Successfully pushed to GitHub at 2026-06-06 13:00:05
[main baa87c6] Daily auto-update: 2026-06-07 13:00:01 - Building great things, one commit at a time! 🔨
 15 files changed, 41 insertions(+), 40 deletions(-)
To https://github.com/Gymnott1/letsl_learn.git
   eff014e..baa87c6  main -> main
✅ Successfully pushed to GitHub at 2026-06-07 13:00:01
[main 39b4402] Daily auto-update: 2026-06-08 13:00:02 - Keep pushing forward! 🚀
 15 files changed, 41 insertions(+), 40 deletions(-)
To https://github.com/Gymnott1/letsl_learn.git
   ae11398..39b4402  main -> main
✅ Successfully pushed to GitHub at 2026-06-08 13:00:02
[main 11f1928] Daily auto-update: 2026-06-09 13:00:01 - Code. Commit. Repeat! 🔄
 15 files changed, 41 insertions(+), 40 deletions(-)
To https://github.com/Gymnott1/letsl_learn.git
   eb38ab2..11f1928  main -> main
✅ Successfully pushed to GitHub at 2026-06-09 13:00:01
[main baf316b] Daily auto-update: 2026-06-10 13:00:01 - The journey of a thousand miles begins with a single commit! 🌟
 15 files changed, 41 insertions(+), 40 deletions(-)
To https://github.com/Gymnott1/letsl_learn.git
   7636cde..baf316b  main -> main
✅ Successfully pushed to GitHub at 2026-06-10 13:00:01
[main a7b0ca4] Daily auto-update: 2026-06-11 13:00:01 - The journey of a thousand miles begins with a single commit! 🌟
 15 files changed, 41 insertions(+), 40 deletions(-)
To https://github.com/Gymnott1/letsl_learn.git
   e4b4488..a7b0ca4  main -> main
✅ Successfully pushed to GitHub at 2026-06-11 13:00:01
[main ef72dad] Daily auto-update: 2026-06-12 13:00:01 - Keep pushing forward! 🚀
 15 files changed, 41 insertions(+), 40 deletions(-)
To https://github.com/Gymnott1/letsl_learn.git
   b38c42a..ef72dad  main -> main
✅ Successfully pushed to GitHub at 2026-06-12 13:00:01
[main 73cff3f] Daily auto-update: 2026-06-13 13:00:01 - The journey of a thousand miles begins with a single commit! 🌟
 15 files changed, 28 insertions(+), 27 deletions(-)
To https://github.com/Gymnott1/letsl_learn.git
   2bb9386..73cff3f  main -> main
✅ Successfully pushed to GitHub at 2026-06-13 13:00:01
[main c4f37c2] Daily auto-update: 2026-06-14 13:00:01 - Automating success! 🤖
 15 files changed, 41 insertions(+), 40 deletions(-)
To https://github.com/Gymnott1/letsl_learn.git
   bc84655..c4f37c2  main -> main
✅ Successfully pushed to GitHub at 2026-06-14 13:00:01
[main e10fbb1] Daily auto-update: 2026-06-15 13:00:01 - Every commit counts! 💻
 15 files changed, 41 insertions(+), 40 deletions(-)
To https://github.com/Gymnott1/letsl_learn.git
   f7a078c..e10fbb1  main -> main
✅ Successfully pushed to GitHub at 2026-06-15 13:00:01
[main 7a2f066] Daily auto-update: 2026-06-16 13:00:01 - Keep pushing forward! 🚀
 15 files changed, 28 insertions(+), 27 deletions(-)
To https://github.com/Gymnott1/letsl_learn.git
   ac01296..7a2f066  main -> main
✅ Successfully pushed to GitHub at 2026-06-16 13:00:01
[main e773ea5] Daily auto-update: 2026-06-17 13:00:01 - The journey of a thousand miles begins with a single commit! 🌟
 15 files changed, 41 insertions(+), 40 deletions(-)
To https://github.com/Gymnott1/letsl_learn.git
   6a097c3..e773ea5  main -> main
✅ Successfully pushed to GitHub at 2026-06-17 13:00:01
[main ca66e34] Daily auto-update: 2026-06-18 13:00:02 - The journey of a thousand miles begins with a single commit! 🌟
 15 files changed, 41 insertions(+), 40 deletions(-)
To https://github.com/Gymnott1/letsl_learn.git
   3149c9d..ca66e34  main -> main
✅ Successfully pushed to GitHub at 2026-06-18 13:00:02
[main e9cadd3] Daily auto-update: 2026-06-19 13:00:01 - Building great things, one commit at a time! 🔨
 15 files changed, 41 insertions(+), 40 deletions(-)
To https://github.com/Gymnott1/letsl_learn.git
   89f046f..e9cadd3  main -> main
✅ Successfully pushed to GitHub at 2026-06-19 13:00:01
[main 3551356] Daily auto-update: 2026-06-20 13:00:01 - Every commit counts! 💻
 15 files changed, 41 insertions(+), 40 deletions(-)
To https://github.com/Gymnott1/letsl_learn.git
   88ff39e..3551356  main -> main
✅ Successfully pushed to GitHub at 2026-06-20 13:00:01
[main e337501] Daily auto-update: 2026-06-21 13:00:01 - Building great things, one commit at a time! 🔨
 15 files changed, 41 insertions(+), 40 deletions(-)
To https://github.com/Gymnott1/letsl_learn.git
   724ac49..e337501  main -> main
✅ Successfully pushed to GitHub at 2026-06-21 13:00:01
[main 9e358a3] Daily auto-update: 2026-06-22 13:00:01 - The journey of a thousand miles begins with a single commit! 🌟
 15 files changed, 28 insertions(+), 27 deletions(-)
To https://github.com/Gymnott1/letsl_learn.git
   3e35657..9e358a3  main -> main
✅ Successfully pushed to GitHub at 2026-06-22 13:00:01
[main 3767c5e] Daily auto-update: 2026-06-23 13:00:01 - Progress, not perfection! 📈
 15 files changed, 41 insertions(+), 40 deletions(-)
fatal: unable to access 'https://github.com/Gymnott1/letsl_learn.git/': Could not resolve host: github.com
error: src refspec master does not match any
error: failed to push some refs to 'https://github.com/Gymnott1/letsl_learn.git'
⚠️  Push attempt 1 failed, retrying...
fatal: unable to access 'https://github.com/Gymnott1/letsl_learn.git/': Could not resolve host: github.com
error: src refspec master does not match any
error: failed to push some refs to 'https://github.com/Gymnott1/letsl_learn.git'
⚠️  Push attempt 2 failed, retrying...
fatal: unable to access 'https://github.com/Gymnott1/letsl_learn.git/': Could not resolve host: github.com
error: src refspec master does not match any
error: failed to push some refs to 'https://github.com/Gymnott1/letsl_learn.git'
⚠️  Push attempt 3 failed, retrying...
❌ Failed to push after 3 attempts at 2026-06-23 13:00:01
[main d2e39d2] Daily auto-update: 2026-06-24 13:00:01 - Code. Commit. Repeat! 🔄
 15 files changed, 41 insertions(+), 40 deletions(-)
To https://github.com/Gymnott1/letsl_learn.git
   643ab8c..d2e39d2  main -> main
✅ Successfully pushed to GitHub at 2026-06-24 13:00:01
[main a0f3791] Daily auto-update: 2026-06-25 13:00:01 - Consistency is key to success! ⭐
 15 files changed, 41 insertions(+), 40 deletions(-)
To https://github.com/Gymnott1/letsl_learn.git
   807e270..a0f3791  main -> main
✅ Successfully pushed to GitHub at 2026-06-25 13:00:01
[main 281be33] Daily auto-update: 2026-06-26 13:00:01 - The journey of a thousand miles begins with a single commit! 🌟
 15 files changed, 41 insertions(+), 40 deletions(-)
To https://github.com/Gymnott1/letsl_learn.git
   6e1ce3d..281be33  main -> main
✅ Successfully pushed to GitHub at 2026-06-26 13:00:01
